ARM GAS  C:\Users\LENOVO\AppData\Local\Temp\ccjfaiI5.s 			page 1


   1              		.cpu cortex-m3
   2              		.arch armv7-m
   3              		.fpu softvfp
   4              		.eabi_attribute 20, 1
   5              		.eabi_attribute 21, 1
   6              		.eabi_attribute 23, 3
   7              		.eabi_attribute 24, 1
   8              		.eabi_attribute 25, 1
   9              		.eabi_attribute 26, 1
  10              		.eabi_attribute 30, 1
  11              		.eabi_attribute 34, 1
  12              		.eabi_attribute 18, 4
  13              		.file	"main.c"
  14              		.text
  15              	.Ltext0:
  16              		.cfi_sections	.debug_frame
  17              		.section	.text.MX_GPIO_Init,"ax",%progbits
  18              		.align	1
  19              		.syntax unified
  20              		.thumb
  21              		.thumb_func
  23              	MX_GPIO_Init:
  24              	.LFB67:
  25              		.file 1 "Core/Src/main.c"
   1:Core/Src/main.c **** /* USER CODE BEGIN Header */
   2:Core/Src/main.c **** /**
   3:Core/Src/main.c ****   ******************************************************************************
   4:Core/Src/main.c ****   * @file           : main.c
   5:Core/Src/main.c ****   * @brief          : Main program body
   6:Core/Src/main.c ****   ******************************************************************************
   7:Core/Src/main.c ****   * @attention
   8:Core/Src/main.c ****   *
   9:Core/Src/main.c ****   * Copyright (c) 2022 STMicroelectronics.
  10:Core/Src/main.c ****   * All rights reserved.
  11:Core/Src/main.c ****   *
  12:Core/Src/main.c ****   * This software is licensed under terms that can be found in the LICENSE file
  13:Core/Src/main.c ****   * in the root directory of this software component.
  14:Core/Src/main.c ****   * If no LICENSE file comes with this software, it is provided AS-IS.
  15:Core/Src/main.c ****   *
  16:Core/Src/main.c ****   ******************************************************************************
  17:Core/Src/main.c ****   */
  18:Core/Src/main.c **** /* USER CODE END Header */
  19:Core/Src/main.c **** /* Includes ------------------------------------------------------------------*/
  20:Core/Src/main.c **** #include "main.h"
  21:Core/Src/main.c **** 
  22:Core/Src/main.c **** /* Private includes ----------------------------------------------------------*/
  23:Core/Src/main.c **** /* USER CODE BEGIN Includes */
  24:Core/Src/main.c **** 
  25:Core/Src/main.c **** /* USER CODE END Includes */
  26:Core/Src/main.c **** 
  27:Core/Src/main.c **** /* Private typedef -----------------------------------------------------------*/
  28:Core/Src/main.c **** /* USER CODE BEGIN PTD */
  29:Core/Src/main.c **** 
  30:Core/Src/main.c **** /* USER CODE END PTD */
  31:Core/Src/main.c **** 
  32:Core/Src/main.c **** /* Private define ------------------------------------------------------------*/
  33:Core/Src/main.c **** /* USER CODE BEGIN PD */
ARM GAS  C:\Users\LENOVO\AppData\Local\Temp\ccjfaiI5.s 			page 2


  34:Core/Src/main.c **** /* USER CODE END PD */
  35:Core/Src/main.c **** 
  36:Core/Src/main.c **** /* Private macro -------------------------------------------------------------*/
  37:Core/Src/main.c **** /* USER CODE BEGIN PM */
  38:Core/Src/main.c **** 
  39:Core/Src/main.c **** /* USER CODE END PM */
  40:Core/Src/main.c **** 
  41:Core/Src/main.c **** /* Private variables ---------------------------------------------------------*/
  42:Core/Src/main.c **** 
  43:Core/Src/main.c **** /* USER CODE BEGIN PV */
  44:Core/Src/main.c **** 
  45:Core/Src/main.c **** /* USER CODE END PV */
  46:Core/Src/main.c **** 
  47:Core/Src/main.c **** /* Private function prototypes -----------------------------------------------*/
  48:Core/Src/main.c **** void SystemClock_Config(void);
  49:Core/Src/main.c **** static void MX_GPIO_Init(void);
  50:Core/Src/main.c **** /* USER CODE BEGIN PFP */
  51:Core/Src/main.c **** 
  52:Core/Src/main.c **** /* USER CODE END PFP */
  53:Core/Src/main.c **** 
  54:Core/Src/main.c **** /* Private user code ---------------------------------------------------------*/
  55:Core/Src/main.c **** /* USER CODE BEGIN 0 */
  56:Core/Src/main.c **** 
  57:Core/Src/main.c **** /* USER CODE END 0 */
  58:Core/Src/main.c **** 
  59:Core/Src/main.c **** /**
  60:Core/Src/main.c ****   * @brief  The application entry point.
  61:Core/Src/main.c ****   * @retval int
  62:Core/Src/main.c ****   */
  63:Core/Src/main.c **** int main(void)
  64:Core/Src/main.c **** {
  65:Core/Src/main.c ****   /* USER CODE BEGIN 1 */
  66:Core/Src/main.c **** 
  67:Core/Src/main.c ****   /* USER CODE END 1 */
  68:Core/Src/main.c **** 
  69:Core/Src/main.c ****   /* MCU Configuration--------------------------------------------------------*/
  70:Core/Src/main.c **** 
  71:Core/Src/main.c ****   /* Reset of all peripherals, Initializes the Flash interface and the Systick. */
  72:Core/Src/main.c ****   HAL_Init();
  73:Core/Src/main.c **** 
  74:Core/Src/main.c ****   /* USER CODE BEGIN Init */
  75:Core/Src/main.c **** 
  76:Core/Src/main.c ****   /* USER CODE END Init */
  77:Core/Src/main.c **** 
  78:Core/Src/main.c ****   /* Configure the system clock */
  79:Core/Src/main.c ****   SystemClock_Config();
  80:Core/Src/main.c **** 
  81:Core/Src/main.c ****   /* USER CODE BEGIN SysInit */
  82:Core/Src/main.c **** 
  83:Core/Src/main.c ****   /* USER CODE END SysInit */
  84:Core/Src/main.c **** 
  85:Core/Src/main.c ****   /* Initialize all configured peripherals */
  86:Core/Src/main.c ****   MX_GPIO_Init();
  87:Core/Src/main.c ****   /* USER CODE BEGIN 2 */
  88:Core/Src/main.c **** 
  89:Core/Src/main.c ****   /* USER CODE END 2 */
  90:Core/Src/main.c **** 
ARM GAS  C:\Users\LENOVO\AppData\Local\Temp\ccjfaiI5.s 			page 3


  91:Core/Src/main.c ****   /* Infinite loop */
  92:Core/Src/main.c ****   /* USER CODE BEGIN WHILE */
  93:Core/Src/main.c ****   while (1)
  94:Core/Src/main.c ****   {
  95:Core/Src/main.c ****     /* USER CODE END WHILE */
  96:Core/Src/main.c **** 
  97:Core/Src/main.c ****     /* USER CODE BEGIN 3 */
  98:Core/Src/main.c ****   }
  99:Core/Src/main.c ****   /* USER CODE END 3 */
 100:Core/Src/main.c **** }
 101:Core/Src/main.c **** 
 102:Core/Src/main.c **** /**
 103:Core/Src/main.c ****   * @brief System Clock Configuration
 104:Core/Src/main.c ****   * @retval None
 105:Core/Src/main.c ****   */
 106:Core/Src/main.c **** void SystemClock_Config(void)
 107:Core/Src/main.c **** {
 108:Core/Src/main.c ****   RCC_OscInitTypeDef RCC_OscInitStruct = {0};
 109:Core/Src/main.c ****   RCC_ClkInitTypeDef RCC_ClkInitStruct = {0};
 110:Core/Src/main.c **** 
 111:Core/Src/main.c ****   /** Initializes the RCC Oscillators according to the specified parameters
 112:Core/Src/main.c ****   * in the RCC_OscInitTypeDef structure.
 113:Core/Src/main.c ****   */
 114:Core/Src/main.c ****   RCC_OscInitStruct.OscillatorType = RCC_OSCILLATORTYPE_HSE;
 115:Core/Src/main.c ****   RCC_OscInitStruct.HSEState = RCC_HSE_ON;
 116:Core/Src/main.c ****   RCC_OscInitStruct.HSEPredivValue = RCC_HSE_PREDIV_DIV1;
 117:Core/Src/main.c ****   RCC_OscInitStruct.HSIState = RCC_HSI_ON;
 118:Core/Src/main.c ****   RCC_OscInitStruct.PLL.PLLState = RCC_PLL_ON;
 119:Core/Src/main.c ****   RCC_OscInitStruct.PLL.PLLSource = RCC_PLLSOURCE_HSE;
 120:Core/Src/main.c ****   RCC_OscInitStruct.PLL.PLLMUL = RCC_PLL_MUL9;
 121:Core/Src/main.c ****   if (HAL_RCC_OscConfig(&RCC_OscInitStruct) != HAL_OK)
 122:Core/Src/main.c ****   {
 123:Core/Src/main.c ****     Error_Handler();
 124:Core/Src/main.c ****   }
 125:Core/Src/main.c **** 
 126:Core/Src/main.c ****   /** Initializes the CPU, AHB and APB buses clocks
 127:Core/Src/main.c ****   */
 128:Core/Src/main.c ****   RCC_ClkInitStruct.ClockType = RCC_CLOCKTYPE_HCLK|RCC_CLOCKTYPE_SYSCLK
 129:Core/Src/main.c ****                               |RCC_CLOCKTYPE_PCLK1|RCC_CLOCKTYPE_PCLK2;
 130:Core/Src/main.c ****   RCC_ClkInitStruct.SYSCLKSource = RCC_SYSCLKSOURCE_PLLCLK;
 131:Core/Src/main.c ****   RCC_ClkInitStruct.AHBCLKDivider = RCC_SYSCLK_DIV1;
 132:Core/Src/main.c ****   RCC_ClkInitStruct.APB1CLKDivider = RCC_HCLK_DIV2;
 133:Core/Src/main.c ****   RCC_ClkInitStruct.APB2CLKDivider = RCC_HCLK_DIV1;
 134:Core/Src/main.c **** 
 135:Core/Src/main.c ****   if (HAL_RCC_ClockConfig(&RCC_ClkInitStruct, FLASH_LATENCY_2) != HAL_OK)
 136:Core/Src/main.c ****   {
 137:Core/Src/main.c ****     Error_Handler();
 138:Core/Src/main.c ****   }
 139:Core/Src/main.c **** }
 140:Core/Src/main.c **** 
 141:Core/Src/main.c **** /**
 142:Core/Src/main.c ****   * @brief GPIO Initialization Function
 143:Core/Src/main.c ****   * @param None
 144:Core/Src/main.c ****   * @retval None
 145:Core/Src/main.c ****   */
 146:Core/Src/main.c **** static void MX_GPIO_Init(void)
 147:Core/Src/main.c **** {
ARM GAS  C:\Users\LENOVO\AppData\Local\Temp\ccjfaiI5.s 			page 4


  26              		.loc 1 147 1 view -0
  27              		.cfi_startproc
  28              		@ args = 0, pretend = 0, frame = 8
  29              		@ frame_needed = 0, uses_anonymous_args = 0
  30              		@ link register save eliminated.
  31 0000 82B0     		sub	sp, sp, #8
  32              	.LCFI0:
  33              		.cfi_def_cfa_offset 8
 148:Core/Src/main.c **** 
 149:Core/Src/main.c ****   /* GPIO Ports Clock Enable */
 150:Core/Src/main.c ****   __HAL_RCC_GPIOD_CLK_ENABLE();
  34              		.loc 1 150 3 view .LVU1
  35              	.LBB4:
  36              		.loc 1 150 3 view .LVU2
  37              		.loc 1 150 3 view .LVU3
  38 0002 0A4B     		ldr	r3, .L3
  39 0004 9A69     		ldr	r2, [r3, #24]
  40 0006 42F02002 		orr	r2, r2, #32
  41 000a 9A61     		str	r2, [r3, #24]
  42              		.loc 1 150 3 view .LVU4
  43 000c 9A69     		ldr	r2, [r3, #24]
  44 000e 02F02002 		and	r2, r2, #32
  45 0012 0092     		str	r2, [sp]
  46              		.loc 1 150 3 view .LVU5
  47 0014 009A     		ldr	r2, [sp]
  48              	.LBE4:
  49              		.loc 1 150 3 view .LVU6
 151:Core/Src/main.c ****   __HAL_RCC_GPIOA_CLK_ENABLE();
  50              		.loc 1 151 3 view .LVU7
  51              	.LBB5:
  52              		.loc 1 151 3 view .LVU8
  53              		.loc 1 151 3 view .LVU9
  54 0016 9A69     		ldr	r2, [r3, #24]
  55 0018 42F00402 		orr	r2, r2, #4
  56 001c 9A61     		str	r2, [r3, #24]
  57              		.loc 1 151 3 view .LVU10
  58 001e 9B69     		ldr	r3, [r3, #24]
  59 0020 03F00403 		and	r3, r3, #4
  60 0024 0193     		str	r3, [sp, #4]
  61              		.loc 1 151 3 view .LVU11
  62 0026 019B     		ldr	r3, [sp, #4]
  63              	.LBE5:
  64              		.loc 1 151 3 view .LVU12
 152:Core/Src/main.c **** 
 153:Core/Src/main.c **** }
  65              		.loc 1 153 1 is_stmt 0 view .LVU13
  66 0028 02B0     		add	sp, sp, #8
  67              	.LCFI1:
  68              		.cfi_def_cfa_offset 0
  69              		@ sp needed
  70 002a 7047     		bx	lr
  71              	.L4:
  72              		.align	2
  73              	.L3:
  74 002c 00100240 		.word	1073876992
  75              		.cfi_endproc
  76              	.LFE67:
ARM GAS  C:\Users\LENOVO\AppData\Local\Temp\ccjfaiI5.s 			page 5


  78              		.section	.text.Error_Handler,"ax",%progbits
  79              		.align	1
  80              		.global	Error_Handler
  81              		.syntax unified
  82              		.thumb
  83              		.thumb_func
  85              	Error_Handler:
  86              	.LFB68:
 154:Core/Src/main.c **** 
 155:Core/Src/main.c **** /* USER CODE BEGIN 4 */
 156:Core/Src/main.c **** 
 157:Core/Src/main.c **** /* USER CODE END 4 */
 158:Core/Src/main.c **** 
 159:Core/Src/main.c **** /**
 160:Core/Src/main.c ****   * @brief  This function is executed in case of error occurrence.
 161:Core/Src/main.c ****   * @retval None
 162:Core/Src/main.c ****   */
 163:Core/Src/main.c **** void Error_Handler(void)
 164:Core/Src/main.c **** {
  87              		.loc 1 164 1 is_stmt 1 view -0
  88              		.cfi_startproc
  89              		@ Volatile: function does not return.
  90              		@ args = 0, pretend = 0, frame = 0
  91              		@ frame_needed = 0, uses_anonymous_args = 0
  92              		@ link register save eliminated.
 165:Core/Src/main.c ****   /* USER CODE BEGIN Error_Handler_Debug */
 166:Core/Src/main.c ****   /* User can add his own implementation to report the HAL error return state */
 167:Core/Src/main.c ****   __disable_irq();
  93              		.loc 1 167 3 view .LVU15
  94              	.LBB6:
  95              	.LBI6:
  96              		.file 2 "Drivers/CMSIS/Include/cmsis_gcc.h"
   1:Drivers/CMSIS/Include/cmsis_gcc.h **** /**************************************************************************//**
   2:Drivers/CMSIS/Include/cmsis_gcc.h ****  * @file     cmsis_gcc.h
   3:Drivers/CMSIS/Include/cmsis_gcc.h ****  * @brief    CMSIS compiler GCC header file
   4:Drivers/CMSIS/Include/cmsis_gcc.h ****  * @version  V5.0.4
   5:Drivers/CMSIS/Include/cmsis_gcc.h ****  * @date     09. April 2018
   6:Drivers/CMSIS/Include/cmsis_gcc.h ****  ******************************************************************************/
   7:Drivers/CMSIS/Include/cmsis_gcc.h **** /*
   8:Drivers/CMSIS/Include/cmsis_gcc.h ****  * Copyright (c) 2009-2018 Arm Limited. All rights reserved.
   9:Drivers/CMSIS/Include/cmsis_gcc.h ****  *
  10:Drivers/CMSIS/Include/cmsis_gcc.h ****  * SPDX-License-Identifier: Apache-2.0
  11:Drivers/CMSIS/Include/cmsis_gcc.h ****  *
  12:Drivers/CMSIS/Include/cmsis_gcc.h ****  * Licensed under the Apache License, Version 2.0 (the License); you may
  13:Drivers/CMSIS/Include/cmsis_gcc.h ****  * not use this file except in compliance with the License.
  14:Drivers/CMSIS/Include/cmsis_gcc.h ****  * You may obtain a copy of the License at
  15:Drivers/CMSIS/Include/cmsis_gcc.h ****  *
  16:Drivers/CMSIS/Include/cmsis_gcc.h ****  * www.apache.org/licenses/LICENSE-2.0
  17:Drivers/CMSIS/Include/cmsis_gcc.h ****  *
  18:Drivers/CMSIS/Include/cmsis_gcc.h ****  * Unless required by applicable law or agreed to in writing, software
  19:Drivers/CMSIS/Include/cmsis_gcc.h ****  * distributed under the License is distributed on an AS IS BASIS, WITHOUT
  20:Drivers/CMSIS/Include/cmsis_gcc.h ****  * WARRANTIES OR CONDITIONS OF ANY KIND, either express or implied.
  21:Drivers/CMSIS/Include/cmsis_gcc.h ****  * See the License for the specific language governing permissions and
  22:Drivers/CMSIS/Include/cmsis_gcc.h ****  * limitations under the License.
  23:Drivers/CMSIS/Include/cmsis_gcc.h ****  */
  24:Drivers/CMSIS/Include/cmsis_gcc.h **** 
  25:Drivers/CMSIS/Include/cmsis_gcc.h **** #ifndef __CMSIS_GCC_H
ARM GAS  C:\Users\LENOVO\AppData\Local\Temp\ccjfaiI5.s 			page 6


  26:Drivers/CMSIS/Include/cmsis_gcc.h **** #define __CMSIS_GCC_H
  27:Drivers/CMSIS/Include/cmsis_gcc.h **** 
  28:Drivers/CMSIS/Include/cmsis_gcc.h **** /* ignore some GCC warnings */
  29:Drivers/CMSIS/Include/cmsis_gcc.h **** #pragma GCC diagnostic push
  30:Drivers/CMSIS/Include/cmsis_gcc.h **** #pragma GCC diagnostic ignored "-Wsign-conversion"
  31:Drivers/CMSIS/Include/cmsis_gcc.h **** #pragma GCC diagnostic ignored "-Wconversion"
  32:Drivers/CMSIS/Include/cmsis_gcc.h **** #pragma GCC diagnostic ignored "-Wunused-parameter"
  33:Drivers/CMSIS/Include/cmsis_gcc.h **** 
  34:Drivers/CMSIS/Include/cmsis_gcc.h **** /* Fallback for __has_builtin */
  35:Drivers/CMSIS/Include/cmsis_gcc.h **** #ifndef __has_builtin
  36:Drivers/CMSIS/Include/cmsis_gcc.h ****   #define __has_builtin(x) (0)
  37:Drivers/CMSIS/Include/cmsis_gcc.h **** #endif
  38:Drivers/CMSIS/Include/cmsis_gcc.h **** 
  39:Drivers/CMSIS/Include/cmsis_gcc.h **** /* CMSIS compiler specific defines */
  40:Drivers/CMSIS/Include/cmsis_gcc.h **** #ifndef   __ASM
  41:Drivers/CMSIS/Include/cmsis_gcc.h ****   #define __ASM                                  __asm
  42:Drivers/CMSIS/Include/cmsis_gcc.h **** #endif
  43:Drivers/CMSIS/Include/cmsis_gcc.h **** #ifndef   __INLINE
  44:Drivers/CMSIS/Include/cmsis_gcc.h ****   #define __INLINE                               inline
  45:Drivers/CMSIS/Include/cmsis_gcc.h **** #endif
  46:Drivers/CMSIS/Include/cmsis_gcc.h **** #ifndef   __STATIC_INLINE
  47:Drivers/CMSIS/Include/cmsis_gcc.h ****   #define __STATIC_INLINE                        static inline
  48:Drivers/CMSIS/Include/cmsis_gcc.h **** #endif
  49:Drivers/CMSIS/Include/cmsis_gcc.h **** #ifndef   __STATIC_FORCEINLINE                 
  50:Drivers/CMSIS/Include/cmsis_gcc.h ****   #define __STATIC_FORCEINLINE                   __attribute__((always_inline)) static inline
  51:Drivers/CMSIS/Include/cmsis_gcc.h **** #endif                                           
  52:Drivers/CMSIS/Include/cmsis_gcc.h **** #ifndef   __NO_RETURN
  53:Drivers/CMSIS/Include/cmsis_gcc.h ****   #define __NO_RETURN                            __attribute__((__noreturn__))
  54:Drivers/CMSIS/Include/cmsis_gcc.h **** #endif
  55:Drivers/CMSIS/Include/cmsis_gcc.h **** #ifndef   __USED
  56:Drivers/CMSIS/Include/cmsis_gcc.h ****   #define __USED                                 __attribute__((used))
  57:Drivers/CMSIS/Include/cmsis_gcc.h **** #endif
  58:Drivers/CMSIS/Include/cmsis_gcc.h **** #ifndef   __WEAK
  59:Drivers/CMSIS/Include/cmsis_gcc.h ****   #define __WEAK                                 __attribute__((weak))
  60:Drivers/CMSIS/Include/cmsis_gcc.h **** #endif
  61:Drivers/CMSIS/Include/cmsis_gcc.h **** #ifndef   __PACKED
  62:Drivers/CMSIS/Include/cmsis_gcc.h ****   #define __PACKED                               __attribute__((packed, aligned(1)))
  63:Drivers/CMSIS/Include/cmsis_gcc.h **** #endif
  64:Drivers/CMSIS/Include/cmsis_gcc.h **** #ifndef   __PACKED_STRUCT
  65:Drivers/CMSIS/Include/cmsis_gcc.h ****   #define __PACKED_STRUCT                        struct __attribute__((packed, aligned(1)))
  66:Drivers/CMSIS/Include/cmsis_gcc.h **** #endif
  67:Drivers/CMSIS/Include/cmsis_gcc.h **** #ifndef   __PACKED_UNION
  68:Drivers/CMSIS/Include/cmsis_gcc.h ****   #define __PACKED_UNION                         union __attribute__((packed, aligned(1)))
  69:Drivers/CMSIS/Include/cmsis_gcc.h **** #endif
  70:Drivers/CMSIS/Include/cmsis_gcc.h **** #ifndef   __UNALIGNED_UINT32        /* deprecated */
  71:Drivers/CMSIS/Include/cmsis_gcc.h ****   #pragma GCC diagnostic push
  72:Drivers/CMSIS/Include/cmsis_gcc.h ****   #pragma GCC diagnostic ignored "-Wpacked"
  73:Drivers/CMSIS/Include/cmsis_gcc.h ****   #pragma GCC diagnostic ignored "-Wattributes"
  74:Drivers/CMSIS/Include/cmsis_gcc.h ****   struct __attribute__((packed)) T_UINT32 { uint32_t v; };
  75:Drivers/CMSIS/Include/cmsis_gcc.h ****   #pragma GCC diagnostic pop
  76:Drivers/CMSIS/Include/cmsis_gcc.h ****   #define __UNALIGNED_UINT32(x)                  (((struct T_UINT32 *)(x))->v)
  77:Drivers/CMSIS/Include/cmsis_gcc.h **** #endif
  78:Drivers/CMSIS/Include/cmsis_gcc.h **** #ifndef   __UNALIGNED_UINT16_WRITE
  79:Drivers/CMSIS/Include/cmsis_gcc.h ****   #pragma GCC diagnostic push
  80:Drivers/CMSIS/Include/cmsis_gcc.h ****   #pragma GCC diagnostic ignored "-Wpacked"
  81:Drivers/CMSIS/Include/cmsis_gcc.h ****   #pragma GCC diagnostic ignored "-Wattributes"
  82:Drivers/CMSIS/Include/cmsis_gcc.h ****   __PACKED_STRUCT T_UINT16_WRITE { uint16_t v; };
ARM GAS  C:\Users\LENOVO\AppData\Local\Temp\ccjfaiI5.s 			page 7


  83:Drivers/CMSIS/Include/cmsis_gcc.h ****   #pragma GCC diagnostic pop
  84:Drivers/CMSIS/Include/cmsis_gcc.h ****   #define __UNALIGNED_UINT16_WRITE(addr, val)    (void)((((struct T_UINT16_WRITE *)(void *)(addr))-
  85:Drivers/CMSIS/Include/cmsis_gcc.h **** #endif
  86:Drivers/CMSIS/Include/cmsis_gcc.h **** #ifndef   __UNALIGNED_UINT16_READ
  87:Drivers/CMSIS/Include/cmsis_gcc.h ****   #pragma GCC diagnostic push
  88:Drivers/CMSIS/Include/cmsis_gcc.h ****   #pragma GCC diagnostic ignored "-Wpacked"
  89:Drivers/CMSIS/Include/cmsis_gcc.h ****   #pragma GCC diagnostic ignored "-Wattributes"
  90:Drivers/CMSIS/Include/cmsis_gcc.h ****   __PACKED_STRUCT T_UINT16_READ { uint16_t v; };
  91:Drivers/CMSIS/Include/cmsis_gcc.h ****   #pragma GCC diagnostic pop
  92:Drivers/CMSIS/Include/cmsis_gcc.h ****   #define __UNALIGNED_UINT16_READ(addr)          (((const struct T_UINT16_READ *)(const void *)(add
  93:Drivers/CMSIS/Include/cmsis_gcc.h **** #endif
  94:Drivers/CMSIS/Include/cmsis_gcc.h **** #ifndef   __UNALIGNED_UINT32_WRITE
  95:Drivers/CMSIS/Include/cmsis_gcc.h ****   #pragma GCC diagnostic push
  96:Drivers/CMSIS/Include/cmsis_gcc.h ****   #pragma GCC diagnostic ignored "-Wpacked"
  97:Drivers/CMSIS/Include/cmsis_gcc.h ****   #pragma GCC diagnostic ignored "-Wattributes"
  98:Drivers/CMSIS/Include/cmsis_gcc.h ****   __PACKED_STRUCT T_UINT32_WRITE { uint32_t v; };
  99:Drivers/CMSIS/Include/cmsis_gcc.h ****   #pragma GCC diagnostic pop
 100:Drivers/CMSIS/Include/cmsis_gcc.h ****   #define __UNALIGNED_UINT32_WRITE(addr, val)    (void)((((struct T_UINT32_WRITE *)(void *)(addr))-
 101:Drivers/CMSIS/Include/cmsis_gcc.h **** #endif
 102:Drivers/CMSIS/Include/cmsis_gcc.h **** #ifndef   __UNALIGNED_UINT32_READ
 103:Drivers/CMSIS/Include/cmsis_gcc.h ****   #pragma GCC diagnostic push
 104:Drivers/CMSIS/Include/cmsis_gcc.h ****   #pragma GCC diagnostic ignored "-Wpacked"
 105:Drivers/CMSIS/Include/cmsis_gcc.h ****   #pragma GCC diagnostic ignored "-Wattributes"
 106:Drivers/CMSIS/Include/cmsis_gcc.h ****   __PACKED_STRUCT T_UINT32_READ { uint32_t v; };
 107:Drivers/CMSIS/Include/cmsis_gcc.h ****   #pragma GCC diagnostic pop
 108:Drivers/CMSIS/Include/cmsis_gcc.h ****   #define __UNALIGNED_UINT32_READ(addr)          (((const struct T_UINT32_READ *)(const void *)(add
 109:Drivers/CMSIS/Include/cmsis_gcc.h **** #endif
 110:Drivers/CMSIS/Include/cmsis_gcc.h **** #ifndef   __ALIGNED
 111:Drivers/CMSIS/Include/cmsis_gcc.h ****   #define __ALIGNED(x)                           __attribute__((aligned(x)))
 112:Drivers/CMSIS/Include/cmsis_gcc.h **** #endif
 113:Drivers/CMSIS/Include/cmsis_gcc.h **** #ifndef   __RESTRICT
 114:Drivers/CMSIS/Include/cmsis_gcc.h ****   #define __RESTRICT                             __restrict
 115:Drivers/CMSIS/Include/cmsis_gcc.h **** #endif
 116:Drivers/CMSIS/Include/cmsis_gcc.h **** 
 117:Drivers/CMSIS/Include/cmsis_gcc.h **** 
 118:Drivers/CMSIS/Include/cmsis_gcc.h **** /* ###########################  Core Function Access  ########################### */
 119:Drivers/CMSIS/Include/cmsis_gcc.h **** /** \ingroup  CMSIS_Core_FunctionInterface
 120:Drivers/CMSIS/Include/cmsis_gcc.h ****     \defgroup CMSIS_Core_RegAccFunctions CMSIS Core Register Access Functions
 121:Drivers/CMSIS/Include/cmsis_gcc.h ****   @{
 122:Drivers/CMSIS/Include/cmsis_gcc.h ****  */
 123:Drivers/CMSIS/Include/cmsis_gcc.h **** 
 124:Drivers/CMSIS/Include/cmsis_gcc.h **** /**
 125:Drivers/CMSIS/Include/cmsis_gcc.h ****   \brief   Enable IRQ Interrupts
 126:Drivers/CMSIS/Include/cmsis_gcc.h ****   \details Enables IRQ interrupts by clearing the I-bit in the CPSR.
 127:Drivers/CMSIS/Include/cmsis_gcc.h ****            Can only be executed in Privileged modes.
 128:Drivers/CMSIS/Include/cmsis_gcc.h ****  */
 129:Drivers/CMSIS/Include/cmsis_gcc.h **** __STATIC_FORCEINLINE void __enable_irq(void)
 130:Drivers/CMSIS/Include/cmsis_gcc.h **** {
 131:Drivers/CMSIS/Include/cmsis_gcc.h ****   __ASM volatile ("cpsie i" : : : "memory");
 132:Drivers/CMSIS/Include/cmsis_gcc.h **** }
 133:Drivers/CMSIS/Include/cmsis_gcc.h **** 
 134:Drivers/CMSIS/Include/cmsis_gcc.h **** 
 135:Drivers/CMSIS/Include/cmsis_gcc.h **** /**
 136:Drivers/CMSIS/Include/cmsis_gcc.h ****   \brief   Disable IRQ Interrupts
 137:Drivers/CMSIS/Include/cmsis_gcc.h ****   \details Disables IRQ interrupts by setting the I-bit in the CPSR.
 138:Drivers/CMSIS/Include/cmsis_gcc.h ****            Can only be executed in Privileged modes.
 139:Drivers/CMSIS/Include/cmsis_gcc.h ****  */
ARM GAS  C:\Users\LENOVO\AppData\Local\Temp\ccjfaiI5.s 			page 8


 140:Drivers/CMSIS/Include/cmsis_gcc.h **** __STATIC_FORCEINLINE void __disable_irq(void)
  97              		.loc 2 140 27 view .LVU16
  98              	.LBB7:
 141:Drivers/CMSIS/Include/cmsis_gcc.h **** {
 142:Drivers/CMSIS/Include/cmsis_gcc.h ****   __ASM volatile ("cpsid i" : : : "memory");
  99              		.loc 2 142 3 view .LVU17
 100              		.syntax unified
 101              	@ 142 "Drivers/CMSIS/Include/cmsis_gcc.h" 1
 102 0000 72B6     		cpsid i
 103              	@ 0 "" 2
 104              		.thumb
 105              		.syntax unified
 106              	.L6:
 107              	.LBE7:
 108              	.LBE6:
 168:Core/Src/main.c ****   while (1)
 109              		.loc 1 168 3 discriminator 1 view .LVU18
 169:Core/Src/main.c ****   {
 170:Core/Src/main.c ****   }
 110              		.loc 1 170 3 discriminator 1 view .LVU19
 168:Core/Src/main.c ****   while (1)
 111              		.loc 1 168 9 discriminator 1 view .LVU20
 112 0002 FEE7     		b	.L6
 113              		.cfi_endproc
 114              	.LFE68:
 116              		.section	.text.SystemClock_Config,"ax",%progbits
 117              		.align	1
 118              		.global	SystemClock_Config
 119              		.syntax unified
 120              		.thumb
 121              		.thumb_func
 123              	SystemClock_Config:
 124              	.LFB66:
 107:Core/Src/main.c ****   RCC_OscInitTypeDef RCC_OscInitStruct = {0};
 125              		.loc 1 107 1 view -0
 126              		.cfi_startproc
 127              		@ args = 0, pretend = 0, frame = 64
 128              		@ frame_needed = 0, uses_anonymous_args = 0
 129 0000 00B5     		push	{lr}
 130              	.LCFI2:
 131              		.cfi_def_cfa_offset 4
 132              		.cfi_offset 14, -4
 133 0002 91B0     		sub	sp, sp, #68
 134              	.LCFI3:
 135              		.cfi_def_cfa_offset 72
 108:Core/Src/main.c ****   RCC_ClkInitTypeDef RCC_ClkInitStruct = {0};
 136              		.loc 1 108 3 view .LVU22
 108:Core/Src/main.c ****   RCC_ClkInitTypeDef RCC_ClkInitStruct = {0};
 137              		.loc 1 108 22 is_stmt 0 view .LVU23
 138 0004 2822     		movs	r2, #40
 139 0006 0021     		movs	r1, #0
 140 0008 06A8     		add	r0, sp, #24
 141 000a FFF7FEFF 		bl	memset
 142              	.LVL0:
 109:Core/Src/main.c **** 
 143              		.loc 1 109 3 is_stmt 1 view .LVU24
 109:Core/Src/main.c **** 
ARM GAS  C:\Users\LENOVO\AppData\Local\Temp\ccjfaiI5.s 			page 9


 144              		.loc 1 109 22 is_stmt 0 view .LVU25
 145 000e 0023     		movs	r3, #0
 146 0010 0193     		str	r3, [sp, #4]
 147 0012 0293     		str	r3, [sp, #8]
 148 0014 0393     		str	r3, [sp, #12]
 149 0016 0493     		str	r3, [sp, #16]
 150 0018 0593     		str	r3, [sp, #20]
 114:Core/Src/main.c ****   RCC_OscInitStruct.HSEState = RCC_HSE_ON;
 151              		.loc 1 114 3 is_stmt 1 view .LVU26
 114:Core/Src/main.c ****   RCC_OscInitStruct.HSEState = RCC_HSE_ON;
 152              		.loc 1 114 36 is_stmt 0 view .LVU27
 153 001a 0122     		movs	r2, #1
 154 001c 0692     		str	r2, [sp, #24]
 115:Core/Src/main.c ****   RCC_OscInitStruct.HSEPredivValue = RCC_HSE_PREDIV_DIV1;
 155              		.loc 1 115 3 is_stmt 1 view .LVU28
 115:Core/Src/main.c ****   RCC_OscInitStruct.HSEPredivValue = RCC_HSE_PREDIV_DIV1;
 156              		.loc 1 115 30 is_stmt 0 view .LVU29
 157 001e 4FF48033 		mov	r3, #65536
 158 0022 0793     		str	r3, [sp, #28]
 116:Core/Src/main.c ****   RCC_OscInitStruct.HSIState = RCC_HSI_ON;
 159              		.loc 1 116 3 is_stmt 1 view .LVU30
 117:Core/Src/main.c ****   RCC_OscInitStruct.PLL.PLLState = RCC_PLL_ON;
 160              		.loc 1 117 3 view .LVU31
 117:Core/Src/main.c ****   RCC_OscInitStruct.PLL.PLLState = RCC_PLL_ON;
 161              		.loc 1 117 30 is_stmt 0 view .LVU32
 162 0024 0A92     		str	r2, [sp, #40]
 118:Core/Src/main.c ****   RCC_OscInitStruct.PLL.PLLSource = RCC_PLLSOURCE_HSE;
 163              		.loc 1 118 3 is_stmt 1 view .LVU33
 118:Core/Src/main.c ****   RCC_OscInitStruct.PLL.PLLSource = RCC_PLLSOURCE_HSE;
 164              		.loc 1 118 34 is_stmt 0 view .LVU34
 165 0026 0222     		movs	r2, #2
 166 0028 0D92     		str	r2, [sp, #52]
 119:Core/Src/main.c ****   RCC_OscInitStruct.PLL.PLLMUL = RCC_PLL_MUL9;
 167              		.loc 1 119 3 is_stmt 1 view .LVU35
 119:Core/Src/main.c ****   RCC_OscInitStruct.PLL.PLLMUL = RCC_PLL_MUL9;
 168              		.loc 1 119 35 is_stmt 0 view .LVU36
 169 002a 0E93     		str	r3, [sp, #56]
 120:Core/Src/main.c ****   if (HAL_RCC_OscConfig(&RCC_OscInitStruct) != HAL_OK)
 170              		.loc 1 120 3 is_stmt 1 view .LVU37
 120:Core/Src/main.c ****   if (HAL_RCC_OscConfig(&RCC_OscInitStruct) != HAL_OK)
 171              		.loc 1 120 32 is_stmt 0 view .LVU38
 172 002c 4FF4E013 		mov	r3, #1835008
 173 0030 0F93     		str	r3, [sp, #60]
 121:Core/Src/main.c ****   {
 174              		.loc 1 121 3 is_stmt 1 view .LVU39
 121:Core/Src/main.c ****   {
 175              		.loc 1 121 7 is_stmt 0 view .LVU40
 176 0032 06A8     		add	r0, sp, #24
 177 0034 FFF7FEFF 		bl	HAL_RCC_OscConfig
 178              	.LVL1:
 121:Core/Src/main.c ****   {
 179              		.loc 1 121 6 view .LVU41
 180 0038 80B9     		cbnz	r0, .L11
 128:Core/Src/main.c ****                               |RCC_CLOCKTYPE_PCLK1|RCC_CLOCKTYPE_PCLK2;
 181              		.loc 1 128 3 is_stmt 1 view .LVU42
 128:Core/Src/main.c ****                               |RCC_CLOCKTYPE_PCLK1|RCC_CLOCKTYPE_PCLK2;
 182              		.loc 1 128 31 is_stmt 0 view .LVU43
ARM GAS  C:\Users\LENOVO\AppData\Local\Temp\ccjfaiI5.s 			page 10


 183 003a 0F23     		movs	r3, #15
 184 003c 0193     		str	r3, [sp, #4]
 130:Core/Src/main.c ****   RCC_ClkInitStruct.AHBCLKDivider = RCC_SYSCLK_DIV1;
 185              		.loc 1 130 3 is_stmt 1 view .LVU44
 130:Core/Src/main.c ****   RCC_ClkInitStruct.AHBCLKDivider = RCC_SYSCLK_DIV1;
 186              		.loc 1 130 34 is_stmt 0 view .LVU45
 187 003e 0221     		movs	r1, #2
 188 0040 0291     		str	r1, [sp, #8]
 131:Core/Src/main.c ****   RCC_ClkInitStruct.APB1CLKDivider = RCC_HCLK_DIV2;
 189              		.loc 1 131 3 is_stmt 1 view .LVU46
 131:Core/Src/main.c ****   RCC_ClkInitStruct.APB1CLKDivider = RCC_HCLK_DIV2;
 190              		.loc 1 131 35 is_stmt 0 view .LVU47
 191 0042 0023     		movs	r3, #0
 192 0044 0393     		str	r3, [sp, #12]
 132:Core/Src/main.c ****   RCC_ClkInitStruct.APB2CLKDivider = RCC_HCLK_DIV1;
 193              		.loc 1 132 3 is_stmt 1 view .LVU48
 132:Core/Src/main.c ****   RCC_ClkInitStruct.APB2CLKDivider = RCC_HCLK_DIV1;
 194              		.loc 1 132 36 is_stmt 0 view .LVU49
 195 0046 4FF48062 		mov	r2, #1024
 196 004a 0492     		str	r2, [sp, #16]
 133:Core/Src/main.c **** 
 197              		.loc 1 133 3 is_stmt 1 view .LVU50
 133:Core/Src/main.c **** 
 198              		.loc 1 133 36 is_stmt 0 view .LVU51
 199 004c 0593     		str	r3, [sp, #20]
 135:Core/Src/main.c ****   {
 200              		.loc 1 135 3 is_stmt 1 view .LVU52
 135:Core/Src/main.c ****   {
 201              		.loc 1 135 7 is_stmt 0 view .LVU53
 202 004e 01A8     		add	r0, sp, #4
 203 0050 FFF7FEFF 		bl	HAL_RCC_ClockConfig
 204              	.LVL2:
 135:Core/Src/main.c ****   {
 205              		.loc 1 135 6 view .LVU54
 206 0054 20B9     		cbnz	r0, .L12
 139:Core/Src/main.c **** 
 207              		.loc 1 139 1 view .LVU55
 208 0056 11B0     		add	sp, sp, #68
 209              	.LCFI4:
 210              		.cfi_remember_state
 211              		.cfi_def_cfa_offset 4
 212              		@ sp needed
 213 0058 5DF804FB 		ldr	pc, [sp], #4
 214              	.L11:
 215              	.LCFI5:
 216              		.cfi_restore_state
 123:Core/Src/main.c ****   }
 217              		.loc 1 123 5 is_stmt 1 view .LVU56
 218 005c FFF7FEFF 		bl	Error_Handler
 219              	.LVL3:
 220              	.L12:
 137:Core/Src/main.c ****   }
 221              		.loc 1 137 5 view .LVU57
 222 0060 FFF7FEFF 		bl	Error_Handler
 223              	.LVL4:
 224              		.cfi_endproc
 225              	.LFE66:
ARM GAS  C:\Users\LENOVO\AppData\Local\Temp\ccjfaiI5.s 			page 11


 227              		.section	.text.main,"ax",%progbits
 228              		.align	1
 229              		.global	main
 230              		.syntax unified
 231              		.thumb
 232              		.thumb_func
 234              	main:
 235              	.LFB65:
  64:Core/Src/main.c ****   /* USER CODE BEGIN 1 */
 236              		.loc 1 64 1 view -0
 237              		.cfi_startproc
 238              		@ Volatile: function does not return.
 239              		@ args = 0, pretend = 0, frame = 0
 240              		@ frame_needed = 0, uses_anonymous_args = 0
 241 0000 08B5     		push	{r3, lr}
 242              	.LCFI6:
 243              		.cfi_def_cfa_offset 8
 244              		.cfi_offset 3, -8
 245              		.cfi_offset 14, -4
  72:Core/Src/main.c **** 
 246              		.loc 1 72 3 view .LVU59
 247 0002 FFF7FEFF 		bl	HAL_Init
 248              	.LVL5:
  79:Core/Src/main.c **** 
 249              		.loc 1 79 3 view .LVU60
 250 0006 FFF7FEFF 		bl	SystemClock_Config
 251              	.LVL6:
  86:Core/Src/main.c ****   /* USER CODE BEGIN 2 */
 252              		.loc 1 86 3 view .LVU61
 253 000a FFF7FEFF 		bl	MX_GPIO_Init
 254              	.LVL7:
 255              	.L14:
  93:Core/Src/main.c ****   {
 256              		.loc 1 93 3 discriminator 1 view .LVU62
  98:Core/Src/main.c ****   /* USER CODE END 3 */
 257              		.loc 1 98 3 discriminator 1 view .LVU63
  93:Core/Src/main.c ****   {
 258              		.loc 1 93 9 discriminator 1 view .LVU64
 259 000e FEE7     		b	.L14
 260              		.cfi_endproc
 261              	.LFE65:
 263              		.text
 264              	.Letext0:
 265              		.file 3 "c:\\stdev\\tools\\gcc-arm\\arm-none-eabi\\include\\machine\\_default_types.h"
 266              		.file 4 "c:\\stdev\\tools\\gcc-arm\\arm-none-eabi\\include\\sys\\_stdint.h"
 267              		.file 5 "Drivers/CMSIS/Device/ST/STM32F1xx/Include/stm32f103xb.h"
 268              		.file 6 "Drivers/STM32F1xx_HAL_Driver/Inc/stm32f1xx_hal_rcc.h"
 269              		.file 7 "Drivers/STM32F1xx_HAL_Driver/Inc/stm32f1xx_hal_rcc_ex.h"
 270              		.file 8 "Drivers/STM32F1xx_HAL_Driver/Inc/stm32f1xx_hal.h"
 271              		.file 9 "Drivers/STM32F1xx_HAL_Driver/Inc/stm32f1xx_hal_def.h"
 272              		.file 10 "<built-in>"
ARM GAS  C:\Users\LENOVO\AppData\Local\Temp\ccjfaiI5.s 			page 12


DEFINED SYMBOLS
                            *ABS*:00000000 main.c
C:\Users\LENOVO\AppData\Local\Temp\ccjfaiI5.s:18     .text.MX_GPIO_Init:00000000 $t
C:\Users\LENOVO\AppData\Local\Temp\ccjfaiI5.s:23     .text.MX_GPIO_Init:00000000 MX_GPIO_Init
C:\Users\LENOVO\AppData\Local\Temp\ccjfaiI5.s:74     .text.MX_GPIO_Init:0000002c $d
C:\Users\LENOVO\AppData\Local\Temp\ccjfaiI5.s:79     .text.Error_Handler:00000000 $t
C:\Users\LENOVO\AppData\Local\Temp\ccjfaiI5.s:85     .text.Error_Handler:00000000 Error_Handler
C:\Users\LENOVO\AppData\Local\Temp\ccjfaiI5.s:117    .text.SystemClock_Config:00000000 $t
C:\Users\LENOVO\AppData\Local\Temp\ccjfaiI5.s:123    .text.SystemClock_Config:00000000 SystemClock_Config
C:\Users\LENOVO\AppData\Local\Temp\ccjfaiI5.s:228    .text.main:00000000 $t
C:\Users\LENOVO\AppData\Local\Temp\ccjfaiI5.s:234    .text.main:00000000 main

UNDEFINED SYMBOLS
memset
HAL_RCC_OscConfig
HAL_RCC_ClockConfig
HAL_Init
